<?xml version="1.0" encoding="UTF-8"?>
<!-- Generated by org.testng.reporters.JUnitXMLReporter -->
<testsuite hostname="DESKTOP-9QJ3JL7" ignored="5" name="Default test" tests="1" failures="0" timestamp="08 May 2020 09:50:08 GMT" time="18.59" errors="0">
  <testcase name="dragAndDrop" time="0.668" classname="com.mouseactions.MouseActions"/>
  <testcase name="scrollDown" time="0.0" classname="com.mouseactions.MouseActions">
    <ignored/>
  </testcase> <!-- scrollDown -->
  <testcase name="rightClick" time="0.0" classname="com.mouseactions.MouseActions">
    <ignored/>
  </testcase> <!-- rightClick -->
  <testcase name="slider" time="0.0" classname="com.mouseactions.MouseActions">
    <ignored/>
  </testcase> <!-- slider -->
  <testcase name="resizeMethod" time="0.0" classname="com.mouseactions.MouseActions">
    <ignored/>
  </testcase> <!-- resizeMethod -->
  <testcase name="autoSuggestion" time="0.0" classname="com.mouseactions.MouseActions">
    <ignored/>
  </testcase> <!-- autoSuggestion -->
</testsuite> <!-- Default test -->
