<?xml version="1.0" encoding="UTF-8"?>
<!-- Generated by org.testng.reporters.JUnitXMLReporter -->
<testsuite hostname="DESKTOP-9QJ3JL7" ignored="1" name="Listeners" tests="5" failures="0" timestamp="02 May 2020 15:33:19 GMT" time="83.722" errors="0">
  <testcase name="get_headers" time="0.708" classname="com.spicejet.HomePage"/>
  <testcase name="get_url" time="0.012" classname="com.spicejet.HomePage"/>
  <testcase name="verify_login_link" time="4.049" classname="com.spicejet.HomePage"/>
  <testcase name="flight_status" time="3.101" classname="com.spicejet.LoginPage"/>
  <testcase name="holidays" time="2.433" classname="com.spicejet.LoginPage"/>
  <testcase name="hotels" time="0.0" classname="com.spicejet.LoginPage">
    <ignored/>
  </testcase> <!-- hotels -->
</testsuite> <!-- Listeners -->
