<?xml version="1.0" encoding="UTF-8"?>
<testng-results skipped="0" failed="0" ignored="5" total="6" passed="1">
  <reporter-output>
  </reporter-output>
  <suite name="Default suite" duration-ms="18590" started-at="2020-05-08T09:49:49Z" finished-at="2020-05-08T09:50:08Z">
    <groups>
    </groups>
    <test name="Default test" duration-ms="18590" started-at="2020-05-08T09:49:49Z" finished-at="2020-05-08T09:50:08Z">
      <class name="com.mouseactions.MouseActions">
        <test-method status="PASS" signature="beforeMethod()[pri:0, instance:com.mouseactions.MouseActions@685cb137]" name="beforeMethod" is-config="true" duration-ms="17887" started-at="2020-05-08T09:49:49Z" finished-at="2020-05-08T09:50:07Z">
          <reporter-output>
          </reporter-output>
        </test-method> <!-- beforeMethod -->
        <test-method status="PASS" signature="dragAndDrop()[pri:0, instance:com.mouseactions.MouseActions@685cb137]" name="dragAndDrop" duration-ms="668" started-at="2020-05-08T09:50:07Z" finished-at="2020-05-08T09:50:08Z">
          <reporter-output>
          </reporter-output>
        </test-method> <!-- dragAndDrop -->
        <test-method status="PASS" signature="afterMethod()[pri:0, instance:com.mouseactions.MouseActions@685cb137]" name="afterMethod" is-config="true" duration-ms="0" started-at="2020-05-08T09:50:08Z" finished-at="2020-05-08T09:50:08Z">
          <reporter-output>
          </reporter-output>
        </test-method> <!-- afterMethod -->
      </class> <!-- com.mouseactions.MouseActions -->
    </test> <!-- Default test -->
  </suite> <!-- Default suite -->
</testng-results>
